<?xml version="1.0" encoding="UTF-8"?>
<!-- Generated by org.testng.reporters.JUnitXMLReporter -->
<testsuite ignored="40" hostname="DESKTOP-CPG5TUI" failures="0" tests="2" name="SmokeTest" time="35.774" errors="0" timestamp="2024-04-01T15:55:31 IST">
  <testcase classname="browser.launchBrowsering" name="VerifingHomePageLaunching" time="7.508"/>
  <testcase classname="testScripts.ProductDetailPageTest" name="VerifingWishlistFunctionalityInPDP" time="28.13"/>
  <testcase classname="testScripts.ProductDetailPageTest" name="VerifingAttriubuteSelectionFunctionalityInPDP" time="0.0">
    <ignored/>
  </testcase> <!-- VerifingAttriubuteSelectionFunctionalityInPDP -->
  <testcase classname="testScripts.ProductDetailPageTest" name="VerifyingYoptoReviesFormwithStarSelectionandTitleInPDP" time="0.0">
    <ignored/>
  </testcase> <!-- VerifyingYoptoReviesFormwithStarSelectionandTitleInPDP -->
  <testcase classname="baseClass.baseClass" name="@BeforeSuite setUpforReport" time="0.0">
    <ignored/>
  </testcase> <!-- @BeforeSuite setUpforReport -->
  <testcase classname="baseClass.baseClass" name="@AfterSuite tearDown" time="0.0">
    <ignored/>
  </testcase> <!-- @AfterSuite tearDown -->
  <testcase classname="testScripts.ProductDetailPageTest" name="VerifyingYoptoReviesFormwithStarSelection_Title_Content_UserNameInPDP" time="0.0">
    <ignored/>
  </testcase> <!-- VerifyingYoptoReviesFormwithStarSelection_Title_Content_UserNameInPDP -->
  <testcase classname="testScripts.ProductDetailPageTest" name="VerifyingYoptoReviesValidSearchInPDP" time="0.0">
    <ignored/>
  </testcase> <!-- VerifyingYoptoReviesValidSearchInPDP -->
  <testcase classname="testScripts.ProductDetailPageTest" name="VerifingbreadCrumbsFunctionalityInPDP" time="0.0">
    <ignored/>
  </testcase> <!-- VerifingbreadCrumbsFunctionalityInPDP -->
  <testcase classname="testScripts.ProductDetailPageTest" name="VerifyingYoptoReviesAskaQuestion_Question_UserName_FormInPDP" time="0.0">
    <ignored/>
  </testcase> <!-- VerifyingYoptoReviesAskaQuestion_Question_UserName_FormInPDP -->
  <testcase classname="testScripts.ProductDetailPageTest" name="VerifingWithEnteringRatingandSubmitFormInPDP" time="0.0">
    <ignored/>
  </testcase> <!-- VerifingWithEnteringRatingandSubmitFormInPDP -->
  <testcase classname="testScripts.ProductDetailPageTest" name="VerifingProductRecommendationsInPDP" time="0.0">
    <ignored/>
  </testcase> <!-- VerifingProductRecommendationsInPDP -->
  <testcase classname="testScripts.ProductDetailPageTest" name="VerifyingRefreshInPDP_Page" time="0.0">
    <ignored/>
  </testcase> <!-- VerifyingRefreshInPDP_Page -->
  <testcase classname="testScripts.ProductDetailPageTest" name="VerifyingYoptoReviesAskaQuestionEmptyFormInPDP" time="0.0">
    <ignored/>
  </testcase> <!-- VerifyingYoptoReviesAskaQuestionEmptyFormInPDP -->
  <testcase classname="testScripts.ProductDetailPageTest" name="VerifingPowerReviewsPageByClickingOnWrite_A_Review" time="0.0">
    <ignored/>
  </testcase> <!-- VerifingPowerReviewsPageByClickingOnWrite_A_Review -->
  <testcase classname="testScripts.ProductDetailPageTest" name="VerifyingYoptoReviesFormInPDP" time="0.0">
    <ignored/>
  </testcase> <!-- VerifyingYoptoReviesFormInPDP -->
  <testcase classname="testScripts.ProductDetailPageTest" name="VerifyingRecommendationsInPDP_Page" time="0.0">
    <ignored/>
  </testcase> <!-- VerifyingRecommendationsInPDP_Page -->
  <testcase classname="testScripts.ProductDetailPageTest" name="VerifyingYoptoReviesFormwithStarSelection_Title_ContentInPDP" time="0.0">
    <ignored/>
  </testcase> <!-- VerifyingYoptoReviesFormwithStarSelection_Title_ContentInPDP -->
  <testcase classname="testScripts.ProductDetailPageTest" name="VerifyingYoptoReviesFiltersInPDP" time="0.0">
    <ignored/>
  </testcase> <!-- VerifyingYoptoReviesFiltersInPDP -->
  <testcase classname="testScripts.ProductDetailPageTest" name="VerifingWithEnteringRatingHeadingandSubmitFormInPDP" time="0.0">
    <ignored/>
  </testcase> <!-- VerifingWithEnteringRatingHeadingandSubmitFormInPDP -->
  <testcase classname="testScripts.ProductDetailPageTest" name="VerifyingYoptoReviesAskaQuestionFormInPDP" time="0.0">
    <ignored/>
  </testcase> <!-- VerifyingYoptoReviesAskaQuestionFormInPDP -->
  <testcase classname="testScripts.ProductDetailPageTest" name="VerifyingCarouselsInRecommendationsInPDP_Page" time="0.0">
    <ignored/>
  </testcase> <!-- VerifyingCarouselsInRecommendationsInPDP_Page -->
  <testcase classname="testScripts.ProductDetailPageTest" name="VerifingPreviewbuttonCaurosalFunctionalityInPDP" time="0.0">
    <ignored/>
  </testcase> <!-- VerifingPreviewbuttonCaurosalFunctionalityInPDP -->
  <testcase classname="testScripts.ProductDetailPageTest" name="VerifingWithEnteringRatingHeadingcommentsandSubmitFormInPDP" time="0.0">
    <ignored/>
  </testcase> <!-- VerifingWithEnteringRatingHeadingcommentsandSubmitFormInPDP -->
  <testcase classname="testScripts.ProductDetailPageTest" name="VerifyingYoptoReviesAskaQuestion_Question_FormInPDP" time="0.0">
    <ignored/>
  </testcase> <!-- VerifyingYoptoReviesAskaQuestion_Question_FormInPDP -->
  <testcase classname="testScripts.ProductDetailPageTest" name="VerifingAddtoCartFunctionalityInPDP" time="0.0">
    <ignored/>
  </testcase> <!-- VerifingAddtoCartFunctionalityInPDP -->
  <testcase classname="testScripts.ProductDetailPageTest" name="VerifyingYoptoReviesRatingFilterInPDP" time="0.0">
    <ignored/>
  </testcase> <!-- VerifyingYoptoReviesRatingFilterInPDP -->
  <testcase classname="testScripts.ProductDetailPageTest" name="VerifingCustomInputFunctionalityInPDP" time="0.0">
    <ignored/>
  </testcase> <!-- VerifingCustomInputFunctionalityInPDP -->
  <testcase classname="testScripts.ProductDetailPageTest" name="VerifingWriteaReviewFunctionalityInPDP" time="0.0">
    <ignored/>
  </testcase> <!-- VerifingWriteaReviewFunctionalityInPDP -->
  <testcase classname="testScripts.ProductDetailPageTest" name="VerifyingYoptoReviesValidDetailsandSubmitFormInPDP" time="0.0">
    <ignored/>
  </testcase> <!-- VerifyingYoptoReviesValidDetailsandSubmitFormInPDP -->
  <testcase classname="testScripts.ProductDetailPageTest" name="VerifyingYoptoReviesFormwithStarSelectionInPDP" time="0.0">
    <ignored/>
  </testcase> <!-- VerifyingYoptoReviesFormwithStarSelectionInPDP -->
  <testcase classname="testScripts.ProductDetailPageTest" name="VerifyingYoptoReviesEmptyFormInPDP" time="0.0">
    <ignored/>
  </testcase> <!-- VerifyingYoptoReviesEmptyFormInPDP -->
  <testcase classname="testScripts.ProductDetailPageTest" name="VerifyingYoptoReviesAskaQuestionValidDetailsFormInPDP" time="0.0">
    <ignored/>
  </testcase> <!-- VerifyingYoptoReviesAskaQuestionValidDetailsFormInPDP -->
  <testcase classname="testScripts.ProductDetailPageTest" name="VerifingWithEnteringRatingHeadingcommentnicknamesandSubmitFormInPDP" time="0.0">
    <ignored/>
  </testcase> <!-- VerifingWithEnteringRatingHeadingcommentnicknamesandSubmitFormInPDP -->
  <testcase classname="testScripts.ProductDetailPageTest" name="VerifyingYoptoReviesRatingandImagesFilterInPDP" time="0.0">
    <ignored/>
  </testcase> <!-- VerifyingYoptoReviesRatingandImagesFilterInPDP -->
  <testcase classname="testScripts.ProductDetailPageTest" name="VerifingWithoutEnteringDetailsandSubmitTheReivewFormInPDP" time="0.0">
    <ignored/>
  </testcase> <!-- VerifingWithoutEnteringDetailsandSubmitTheReivewFormInPDP -->
  <testcase classname="testScripts.ProductDetailPageTest" name="VerifingNextbuttonCaurosalFunctionalityInPDP" time="0.0">
    <ignored/>
  </testcase> <!-- VerifingNextbuttonCaurosalFunctionalityInPDP -->
  <testcase classname="testScripts.ProductDetailPageTest" name="VerifyingYoptoReviesInvalidSearchInPDP" time="0.0">
    <ignored/>
  </testcase> <!-- VerifyingYoptoReviesInvalidSearchInPDP -->
  <testcase classname="testScripts.ProductDetailPageTest" name="VerifyingYoptoReviesClearSearchInPDP" time="0.0">
    <ignored/>
  </testcase> <!-- VerifyingYoptoReviesClearSearchInPDP -->
  <testcase classname="testScripts.ProductDetailPageTest" name="VerifyingYoptoReviesFooterInPDP" time="0.0">
    <ignored/>
  </testcase> <!-- VerifyingYoptoReviesFooterInPDP -->
  <testcase classname="testScripts.ProductDetailPageTest" name="VerifyingShareLinkInPDP_Page" time="0.0">
    <ignored/>
  </testcase> <!-- VerifyingShareLinkInPDP_Page -->
  <testcase classname="testScripts.ProductDetailPageTest" name="VerifingProductDetailsInPDP" time="0.0">
    <ignored/>
  </testcase> <!-- VerifingProductDetailsInPDP -->
</testsuite> <!-- SmokeTest -->
