<?xml version="1.0" encoding="UTF-8"?>
<!-- Generated by org.testng.reporters.JUnitXMLReporter -->
<testsuite ignored="2" hostname="DESKTOP-P9MM3AH" failures="0" tests="12" name="Regression Testing" time="266.789" errors="0" timestamp="2024-03-04T10:33:54 IST">
  <testcase classname="browser.launchBrowsering" name="VerifingHomePageLaunching" time="6.365"/>
  <testcase classname="testScripts.MyAccountPageOrderHistoryTests" name="VerifingOrderHistoryPageInMyAccountPage" time="39.332"/>
  <testcase classname="testScripts.MyAccountPageOrderHistoryTests" name="VerifingHomeLinkInOrderHistoryPageOnMyAccountPage" time="7.771"/>
  <testcase classname="testScripts.MyAccountPageOrderHistoryTests" name="VerifingMyAccountLinkInOrderHistoryPageOnMyAccountPage" time="30.453"/>
  <testcase classname="testScripts.MyAccountPageOrderHistoryTests" name="VerifingBackToMyAccountLinkInOrderHistoryPageOnMyAccountPage" time="20.607"/>
  <testcase classname="testScripts.MyAccountPageOrderHistoryTests" name="VerifingSelectFiltersInOrderHistoryPageOnMyAccountPage" time="18.942"/>
  <testcase classname="testScripts.MyAccountPageOrderHistoryTests" name="VerifingViewLinkInOrderHistoryPageOnMyAccountPage" time="8.869"/>
  <testcase classname="testScripts.MyAccountPageOrderHistoryTests" name="VerifingHomeLinkInOrderDetailPageFromOrderHistoryPageInMyAccountPage" time="8.02"/>
  <testcase classname="testScripts.MyAccountPageOrderHistoryTests" name="VerifingMyAccountLinkInOrderDetailPageFromOrderHistoryPageInMyAccountPage" time="38.967"/>
  <testcase classname="testScripts.MyAccountPageOrderHistoryTests" name="VerifingOrderHistoryLinkInOrderDetailPageFromOrderHistoryPageInMyAccountPage" time="27.828"/>
  <testcase classname="testScripts.MyAccountPageOrderHistoryTests" name="VerifingProductLinkInOrderDetailPageFromOrderHistoryPageInMyAccountPage" time="18.194"/>
  <testcase classname="testScripts.MyAccountPageOrderHistoryTests" name="VerifingBackToOrderHistoryLinkInOrderDetailPageFromOrderHistoryPageInMyAccountPage" time="41.299"/>
  <testcase classname="baseClass.baseClass" name="@BeforeSuite setUpforReport" time="0.0">
    <ignored/>
  </testcase> <!-- @BeforeSuite setUpforReport -->
  <testcase classname="baseClass.baseClass" name="@AfterSuite tearDown" time="0.0">
    <ignored/>
  </testcase> <!-- @AfterSuite tearDown -->
</testsuite> <!-- Regression Testing -->
